f:\software\adobe_after_effects_cc_2015_win_sdk\adobe after effects cc 2015 win sdk\examples\template\skeleton - copy\win\x64\debug\skeleton.bsc
f:\software\adobe_after_effects_cc_2015_win_sdk\adobe after effects cc 2015 win sdk\examples\template\skeleton - copy\win\x64\debug\vc141.pdb
f:\software\adobe_after_effects_cc_2015_win_sdk\adobe after effects cc 2015 win sdk\examples\template\skeleton - copy\win\x64\debug\aegp_suitehandler.sbr
f:\software\adobe_after_effects_cc_2015_win_sdk\adobe after effects cc 2015 win sdk\examples\template\skeleton - copy\win\x64\debug\missingsuiteerror.sbr
f:\software\adobe_after_effects_cc_2015_win_sdk\adobe after effects cc 2015 win sdk\examples\template\skeleton - copy\win\x64\debug\skeleton.sbr
f:\software\adobe_after_effects_cc_2015_win_sdk\adobe after effects cc 2015 win sdk\examples\template\skeleton - copy\win\x64\debug\skeleton_strings.sbr
f:\software\adobe_after_effects_cc_2015_win_sdk\adobe after effects cc 2015 win sdk\examples\template\skeleton - copy\win\x64\debug\skeleton_strings.obj
f:\software\adobe_after_effects_cc_2015_win_sdk\adobe after effects cc 2015 win sdk\examples\template\skeleton - copy\win\x64\debug\skeleton.obj
f:\software\adobe_after_effects_cc_2015_win_sdk\adobe after effects cc 2015 win sdk\examples\template\skeleton - copy\win\x64\debug\missingsuiteerror.obj
f:\software\adobe_after_effects_cc_2015_win_sdk\adobe after effects cc 2015 win sdk\examples\template\skeleton - copy\win\x64\debug\aegp_suitehandler.obj
f:\software\adobe_after_effects_cc_2015_win_sdk\adobe after effects cc 2015 win sdk\examples\template\skeleton - copy\win\skeletonpipl.rc
c:\program files\adobe\adobe after effects cc 2015\support files\plug-ins\jdbuilds\skeleton.aex
c:\program files\adobe\adobe after effects cc 2015\support files\plug-ins\jdbuilds\skeleton.ilk
f:\software\adobe_after_effects_cc_2015_win_sdk\adobe after effects cc 2015 win sdk\examples\template\skeleton - copy\win\x64\debug\skeleton.pdb
f:\software\adobe_after_effects_cc_2015_win_sdk\adobe after effects cc 2015 win sdk\examples\template\skeleton - copy\win\x64\debug\skeletonpipl.res
f:\software\adobe_after_effects_cc_2015_win_sdk\adobe after effects cc 2015 win sdk\examples\template\skeleton - copy\win\x64\debug\skeleton.lib
f:\software\adobe_after_effects_cc_2015_win_sdk\adobe after effects cc 2015 win sdk\examples\template\skeleton - copy\win\x64\debug\skeleton.exp
c:\program files\adobe\adobe after effects cc 2015\support files\plug-ins\jdbuilds\skeleton.pdb
f:\software\adobe_after_effects_cc_2015_win_sdk\adobe after effects cc 2015 win sdk\examples\template\skeleton - copy\win\x64\debug\skeleton.tlog\bscmake.command.1.tlog
f:\software\adobe_after_effects_cc_2015_win_sdk\adobe after effects cc 2015 win sdk\examples\template\skeleton - copy\win\x64\debug\skeleton.tlog\bscmake.read.1.tlog
f:\software\adobe_after_effects_cc_2015_win_sdk\adobe after effects cc 2015 win sdk\examples\template\skeleton - copy\win\x64\debug\skeleton.tlog\bscmake.write.1.tlog
f:\software\adobe_after_effects_cc_2015_win_sdk\adobe after effects cc 2015 win sdk\examples\template\skeleton - copy\win\x64\debug\skeleton.tlog\cl.command.1.tlog
f:\software\adobe_after_effects_cc_2015_win_sdk\adobe after effects cc 2015 win sdk\examples\template\skeleton - copy\win\x64\debug\skeleton.tlog\cl.read.1.tlog
f:\software\adobe_after_effects_cc_2015_win_sdk\adobe after effects cc 2015 win sdk\examples\template\skeleton - copy\win\x64\debug\skeleton.tlog\cl.write.1.tlog
f:\software\adobe_after_effects_cc_2015_win_sdk\adobe after effects cc 2015 win sdk\examples\template\skeleton - copy\win\x64\debug\skeleton.tlog\custombuild.command.1.tlog
f:\software\adobe_after_effects_cc_2015_win_sdk\adobe after effects cc 2015 win sdk\examples\template\skeleton - copy\win\x64\debug\skeleton.tlog\custombuild.read.1.tlog
f:\software\adobe_after_effects_cc_2015_win_sdk\adobe after effects cc 2015 win sdk\examples\template\skeleton - copy\win\x64\debug\skeleton.tlog\custombuild.write.1.tlog
f:\software\adobe_after_effects_cc_2015_win_sdk\adobe after effects cc 2015 win sdk\examples\template\skeleton - copy\win\x64\debug\skeleton.tlog\link.command.1.tlog
f:\software\adobe_after_effects_cc_2015_win_sdk\adobe after effects cc 2015 win sdk\examples\template\skeleton - copy\win\x64\debug\skeleton.tlog\link.read.1.tlog
f:\software\adobe_after_effects_cc_2015_win_sdk\adobe after effects cc 2015 win sdk\examples\template\skeleton - copy\win\x64\debug\skeleton.tlog\link.write.1.tlog
f:\software\adobe_after_effects_cc_2015_win_sdk\adobe after effects cc 2015 win sdk\examples\template\skeleton - copy\win\x64\debug\skeleton.tlog\rc.command.1.tlog
f:\software\adobe_after_effects_cc_2015_win_sdk\adobe after effects cc 2015 win sdk\examples\template\skeleton - copy\win\x64\debug\skeleton.tlog\rc.read.1.tlog
f:\software\adobe_after_effects_cc_2015_win_sdk\adobe after effects cc 2015 win sdk\examples\template\skeleton - copy\win\x64\debug\skeleton.tlog\rc.write.1.tlog
f:\software\adobe_after_effects_cc_2015_win_sdk\adobe after effects cc 2015 win sdk\examples\template\skeleton - copy\win\x64\debug\skeleton.tlog\skeleton.write.1u.tlog
